<?xml version="1.0" encoding="UTF-8"?>
<testng-results skipped="0" failed="0" ignored="0" total="1" passed="1">
  <reporter-output>
  </reporter-output>
  <suite name="Failed suite [Default suite]" duration-ms="43467" started-at="2020-08-09T14:12:50 IST" finished-at="2020-08-09T14:13:34 IST">
    <groups>
    </groups>
    <test name="Default test(failed)" duration-ms="43467" started-at="2020-08-09T14:12:50 IST" finished-at="2020-08-09T14:13:34 IST">
      <class name="com.vtigercrm.orgTest.CreateOrgTest">
        <test-method status="PASS" signature="configBS()[pri:0, instance:com.vtigercrm.orgTest.CreateOrgTest@51cdd8a]" name="configBS" is-config="true" duration-ms="16" started-at="2020-08-09T14:12:50 IST" finished-at="2020-08-09T14:12:50 IST">
          <reporter-output>
          </reporter-output>
        </test-method> <!-- configBS -->
        <test-method status="PASS" signature="configBC()[pri:0, instance:com.vtigercrm.orgTest.CreateOrgTest@51cdd8a]" name="configBC" is-config="true" duration-ms="6496" started-at="2020-08-09T14:12:50 IST" finished-at="2020-08-09T14:12:57 IST">
          <reporter-output>
          </reporter-output>
        </test-method> <!-- configBC -->
        <test-method status="PASS" signature="configBM()[pri:0, instance:com.vtigercrm.orgTest.CreateOrgTest@51cdd8a]" name="configBM" is-config="true" duration-ms="8834" started-at="2020-08-09T14:12:57 IST" finished-at="2020-08-09T14:13:06 IST">
          <reporter-output>
          </reporter-output>
        </test-method> <!-- configBM -->
        <test-method status="PASS" signature="createOrgTest()[pri:0, instance:com.vtigercrm.orgTest.CreateOrgTest@51cdd8a]" name="createOrgTest" duration-ms="23785" started-at="2020-08-09T14:13:06 IST" finished-at="2020-08-09T14:13:29 IST">
          <reporter-output>
          </reporter-output>
        </test-method> <!-- createOrgTest -->
        <test-method status="PASS" signature="configAM()[pri:0, instance:com.vtigercrm.orgTest.CreateOrgTest@51cdd8a]" name="configAM" is-config="true" duration-ms="3231" started-at="2020-08-09T14:13:29 IST" finished-at="2020-08-09T14:13:33 IST">
          <reporter-output>
          </reporter-output>
        </test-method> <!-- configAM -->
        <test-method status="PASS" signature="configAC()[pri:0, instance:com.vtigercrm.orgTest.CreateOrgTest@51cdd8a]" name="configAC" is-config="true" duration-ms="981" started-at="2020-08-09T14:13:33 IST" finished-at="2020-08-09T14:13:34 IST">
          <reporter-output>
          </reporter-output>
        </test-method> <!-- configAC -->
        <test-method status="PASS" signature="configAS()[pri:0, instance:com.vtigercrm.orgTest.CreateOrgTest@51cdd8a]" name="configAS" is-config="true" duration-ms="3" started-at="2020-08-09T14:13:34 IST" finished-at="2020-08-09T14:13:34 IST">
          <reporter-output>
          </reporter-output>
        </test-method> <!-- configAS -->
      </class> <!-- com.vtigercrm.orgTest.CreateOrgTest -->
    </test> <!-- Default test(failed) -->
  </suite> <!-- Failed suite [Default suite] -->
</testng-results>
